2015-11-28 14:25:10,680 [Worker-18] INFO  o.e.m.c.i.e.AbstractTransferListenerAdapter - Downloaded http://nexus:8081/nexus/content/groups/build.snapshots/org/apache/maven/plugins/maven-compiler-plugin/3.3/maven-compiler-plugin-3.3.jar
2015-11-28 14:25:20,789 [Worker-18] INFO  o.e.m.c.i.e.AbstractTransferListenerAdapter - Downloaded http://nexus:8081/nexus/content/groups/build.snapshots/org/apache/maven/plugins/maven-war-plugin/2.6/maven-war-plugin-2.6.jar
2015-11-28 14:25:30,918 [Worker-18] INFO  o.e.m.c.i.e.AbstractTransferListenerAdapter - Downloaded http://nexus:8081/nexus/content/groups/build.snapshots/org/apache/maven/plugins/maven-compiler-plugin/3.3/maven-compiler-plugin-3.3.pom
2015-11-28 14:25:31,000 [Worker-18] INFO  o.e.m.c.i.l.LifecycleMappingFactory - Using org.maven.ide.eclipse.wtp.WarLifecycleMapping lifecycle mapping for MavenProject: htw-qna:htw-qna:0.0.1 @ C:\workspaces\JettyTest\htw-qna\pom.xml.
2015-11-28 14:25:31,286 [Worker-18] WARN  o.e.m.c.i.embedder.EclipseLogger - Failed to retrieve plugin descriptor for org.apache.maven.plugins:maven-compiler-plugin:3.3: Plugin org.apache.maven.plugins:maven-compiler-plugin:3.3 or one of its dependencies could not be resolved: Failed to read artifact descriptor for org.apache.maven.plugins:maven-compiler-plugin:jar:3.3
2015-11-28 14:25:41,291 [Worker-18] INFO  o.e.m.c.i.e.AbstractTransferListenerAdapter - Downloaded http://nexus:8081/nexus/content/groups/build.snapshots/org/apache/maven/plugins/maven-war-plugin/2.6/maven-war-plugin-2.6.pom
2015-11-28 14:25:41,297 [Worker-18] WARN  o.e.m.c.i.embedder.EclipseLogger - Failed to retrieve plugin descriptor for org.apache.maven.plugins:maven-war-plugin:2.6: Plugin org.apache.maven.plugins:maven-war-plugin:2.6 or one of its dependencies could not be resolved: Failed to read artifact descriptor for org.apache.maven.plugins:maven-war-plugin:jar:2.6
2015-11-28 14:25:51,918 [Worker-18] INFO  o.e.m.c.i.e.AbstractTransferListenerAdapter - Downloaded http://nexus:8081/nexus/content/groups/build.snapshots/com/sap/ldi/maven-metadata.xml
2015-11-28 14:25:51,922 [Worker-18] WARN  o.e.m.c.i.embedder.EclipseLogger - Could not transfer metadata com.sap.ldi/maven-metadata.xml from/to central (http://nexus:8081/nexus/content/groups/build.snapshots/): connect timed out
2015-11-28 14:25:52,161 [Worker-18] ERROR o.e.m.c.u.i.a.EnableNatureAction - Could not calculate build plan: Plugin org.apache.maven.plugins:maven-war-plugin:2.6 or one of its dependencies could not be resolved: Failed to read artifact descriptor for org.apache.maven.plugins:maven-war-plugin:jar:2.6
org.eclipse.core.runtime.CoreException: Could not calculate build plan: Plugin org.apache.maven.plugins:maven-war-plugin:2.6 or one of its dependencies could not be resolved: Failed to read artifact descriptor for org.apache.maven.plugins:maven-war-plugin:jar:2.6
	at org.eclipse.m2e.core.internal.embedder.MavenImpl.setupMojoExecution(MavenImpl.java:410) ~[na:na]
	at org.eclipse.m2e.core.internal.embedder.MavenImpl$2.call(MavenImpl.java:420) ~[na:na]
	at org.eclipse.m2e.core.internal.embedder.MavenImpl$2.call(MavenImpl.java:1) ~[na:na]
	at org.eclipse.m2e.core.internal.embedder.MavenExecutionContext.executeBare(MavenExecutionContext.java:176) ~[na:na]
	at org.eclipse.m2e.core.internal.embedder.MavenExecutionContext.execute(MavenExecutionContext.java:112) ~[na:na]
	at org.eclipse.m2e.core.internal.embedder.MavenImpl.setupMojoExecution(MavenImpl.java:418) ~[na:na]
	at org.eclipse.m2e.core.internal.project.registry.ProjectRegistryManager.setupMojoExecution(ProjectRegistryManager.java:950) ~[na:na]
	at org.eclipse.m2e.core.internal.project.registry.MavenProjectFacade.getMojoExecution(MavenProjectFacade.java:408) ~[na:na]
	at org.eclipse.m2e.core.project.configurator.AbstractCustomizableLifecycleMapping.getBuildParticipants(AbstractCustomizableLifecycleMapping.java:76) ~[na:na]
	at org.eclipse.m2e.core.project.configurator.AbstractLifecycleMapping.configure(AbstractLifecycleMapping.java:97) ~[na:na]
	at org.eclipse.m2e.core.internal.project.ProjectConfigurationManager$3.call(ProjectConfigurationManager.java:501) ~[na:na]
	at org.eclipse.m2e.core.internal.project.ProjectConfigurationManager$3.call(ProjectConfigurationManager.java:1) ~[na:na]
	at org.eclipse.m2e.core.internal.embedder.MavenExecutionContext.executeBare(MavenExecutionContext.java:176) ~[na:na]
	at org.eclipse.m2e.core.internal.embedder.MavenExecutionContext.execute(MavenExecutionContext.java:151) ~[na:na]
	at org.eclipse.m2e.core.internal.project.ProjectConfigurationManager.updateProjectConfiguration(ProjectConfigurationManager.java:494) ~[na:na]
	at org.eclipse.m2e.core.internal.project.ProjectConfigurationManager.configureNewMavenProjects(ProjectConfigurationManager.java:281) ~[na:na]
	at org.eclipse.m2e.core.internal.project.ProjectConfigurationManager$4.run(ProjectConfigurationManager.java:521) ~[na:na]
	at org.eclipse.m2e.core.internal.embedder.AbstractRunnable.call(AbstractRunnable.java:26) ~[na:na]
	at org.eclipse.m2e.core.internal.embedder.AbstractRunnable.call(AbstractRunnable.java:1) ~[na:na]
	at org.eclipse.m2e.core.internal.embedder.MavenExecutionContext.executeBare(MavenExecutionContext.java:176) ~[na:na]
	at org.eclipse.m2e.core.internal.embedder.MavenExecutionContext.execute(MavenExecutionContext.java:151) ~[na:na]
	at org.eclipse.m2e.core.internal.embedder.MavenExecutionContext.execute(MavenExecutionContext.java:99) ~[na:na]
	at org.eclipse.m2e.core.internal.embedder.MavenImpl.execute(MavenImpl.java:1355) ~[na:na]
	at org.eclipse.m2e.core.internal.project.ProjectConfigurationManager.enableMavenNature(ProjectConfigurationManager.java:518) ~[na:na]
	at org.eclipse.m2e.core.ui.internal.actions.EnableNatureAction$1.run(EnableNatureAction.java:138) ~[org.eclipse.m2e.core.ui_1.6.0.20150526-2032.jar:na]
	at org.eclipse.core.internal.jobs.Worker.run(Worker.java:55) [org.eclipse.core.jobs_3.7.0.v20150330-2103.jar:na]
Caused by: org.apache.maven.plugin.PluginResolutionException: Plugin org.apache.maven.plugins:maven-war-plugin:2.6 or one of its dependencies could not be resolved: Failed to read artifact descriptor for org.apache.maven.plugins:maven-war-plugin:jar:2.6
	at org.apache.maven.plugin.internal.DefaultPluginDependenciesResolver.resolve(DefaultPluginDependenciesResolver.java:117) ~[na:na]
	at org.eclipse.m2e.core.internal.project.registry.EclipsePluginDependenciesResolver.resolve(EclipsePluginDependenciesResolver.java:47) ~[na:na]
	at org.apache.maven.plugin.internal.DefaultMavenPluginManager.getPluginDescriptor(DefaultMavenPluginManager.java:179) ~[na:na]
	at org.apache.maven.plugin.internal.DefaultMavenPluginManager.getMojoDescriptor(DefaultMavenPluginManager.java:298) ~[na:na]
	at org.apache.maven.plugin.DefaultBuildPluginManager.getMojoDescriptor(DefaultBuildPluginManager.java:241) ~[na:na]
	at org.apache.maven.lifecycle.internal.DefaultLifecycleExecutionPlanCalculator.setupMojoExecution(DefaultLifecycleExecutionPlanCalculator.java:169) ~[na:na]
	at org.eclipse.m2e.core.internal.embedder.MavenImpl.setupMojoExecution(MavenImpl.java:408) ~[na:na]
	... 25 common frames omitted
Caused by: org.eclipse.aether.resolution.ArtifactDescriptorException: Failed to read artifact descriptor for org.apache.maven.plugins:maven-war-plugin:jar:2.6
	at org.apache.maven.repository.internal.DefaultArtifactDescriptorReader.loadPom(DefaultArtifactDescriptorReader.java:302) ~[na:na]
	at org.apache.maven.repository.internal.DefaultArtifactDescriptorReader.readArtifactDescriptor(DefaultArtifactDescriptorReader.java:218) ~[na:na]
	at org.eclipse.aether.internal.impl.DefaultRepositorySystem.readArtifactDescriptor(DefaultRepositorySystem.java:287) ~[na:na]
	at org.apache.maven.plugin.internal.DefaultPluginDependenciesResolver.resolve(DefaultPluginDependenciesResolver.java:103) ~[na:na]
	... 31 common frames omitted
Caused by: org.eclipse.aether.resolution.ArtifactResolutionException: Failure to transfer org.apache.maven.plugins:maven-war-plugin:pom:2.6 from http://nexus:8081/nexus/content/groups/build.snapshots/ was cached in the local repository, resolution will not be reattempted until the update interval of central has elapsed or updates are forced. Original error: Could not transfer artifact org.apache.maven.plugins:maven-war-plugin:pom:2.6 from/to central (http://nexus:8081/nexus/content/groups/build.snapshots/): connect timed out
	at org.eclipse.aether.internal.impl.DefaultArtifactResolver.resolve(DefaultArtifactResolver.java:444) ~[na:na]
	at org.eclipse.aether.internal.impl.DefaultArtifactResolver.resolveArtifacts(DefaultArtifactResolver.java:246) ~[na:na]
	at org.eclipse.aether.internal.impl.DefaultArtifactResolver.resolveArtifact(DefaultArtifactResolver.java:223) ~[na:na]
	at org.apache.maven.repository.internal.DefaultArtifactDescriptorReader.loadPom(DefaultArtifactDescriptorReader.java:287) ~[na:na]
	... 34 common frames omitted
Caused by: org.eclipse.aether.transfer.ArtifactTransferException: Failure to transfer org.apache.maven.plugins:maven-war-plugin:pom:2.6 from http://nexus:8081/nexus/content/groups/build.snapshots/ was cached in the local repository, resolution will not be reattempted until the update interval of central has elapsed or updates are forced. Original error: Could not transfer artifact org.apache.maven.plugins:maven-war-plugin:pom:2.6 from/to central (http://nexus:8081/nexus/content/groups/build.snapshots/): connect timed out
	at org.eclipse.aether.internal.impl.DefaultUpdateCheckManager.newException(DefaultUpdateCheckManager.java:238) ~[na:na]
	at org.eclipse.aether.internal.impl.DefaultUpdateCheckManager.checkArtifact(DefaultUpdateCheckManager.java:206) ~[na:na]
	at org.eclipse.aether.internal.impl.DefaultArtifactResolver.gatherDownloads(DefaultArtifactResolver.java:585) ~[na:na]
	at org.eclipse.aether.internal.impl.DefaultArtifactResolver.performDownloads(DefaultArtifactResolver.java:503) ~[na:na]
	at org.eclipse.aether.internal.impl.DefaultArtifactResolver.resolve(DefaultArtifactResolver.java:421) ~[na:na]
	... 37 common frames omitted
2015-11-28 14:27:27,542 [Worker-23] INFO  o.e.m.c.i.l.LifecycleMappingFactory - Using org.maven.ide.eclipse.wtp.WarLifecycleMapping lifecycle mapping for MavenProject: htw-qna:htw-qna:0.0.1 @ C:\workspaces\JettyTest\htw-qna\pom.xml.
2015-11-28 14:27:27,816 [Worker-23] WARN  o.e.m.c.i.embedder.EclipseLogger - Failed to retrieve plugin descriptor for org.apache.maven.plugins:maven-compiler-plugin:3.3: Plugin org.apache.maven.plugins:maven-compiler-plugin:3.3 or one of its dependencies could not be resolved: Failed to read artifact descriptor for org.apache.maven.plugins:maven-compiler-plugin:jar:3.3
2015-11-28 14:27:27,820 [Worker-23] WARN  o.e.m.c.i.embedder.EclipseLogger - Failed to retrieve plugin descriptor for org.apache.maven.plugins:maven-war-plugin:2.6: Plugin org.apache.maven.plugins:maven-war-plugin:2.6 or one of its dependencies could not be resolved: Failed to read artifact descriptor for org.apache.maven.plugins:maven-war-plugin:jar:2.6
2015-11-28 14:27:37,829 [Worker-23] INFO  o.e.m.c.i.e.AbstractTransferListenerAdapter - Downloaded http://nexus:8081/nexus/content/groups/build.snapshots/com/sap/ldi/maven-metadata.xml
2015-11-28 14:27:37,832 [Worker-23] WARN  o.e.m.c.i.embedder.EclipseLogger - Could not transfer metadata com.sap.ldi/maven-metadata.xml from/to central (http://nexus:8081/nexus/content/groups/build.snapshots/): connect timed out
2015-11-28 14:27:38,626 [Worker-21] INFO  o.e.m.c.i.l.LifecycleMappingFactory - Using org.maven.ide.eclipse.wtp.WarLifecycleMapping lifecycle mapping for MavenProject: htw-qna:htw-qna:0.0.1 @ C:\workspaces\JettyTest\htw-qna\pom.xml.
2015-11-28 14:27:38,743 [Worker-21] WARN  o.e.m.c.i.embedder.EclipseLogger - Failed to retrieve plugin descriptor for org.apache.maven.plugins:maven-compiler-plugin:3.3: Plugin org.apache.maven.plugins:maven-compiler-plugin:3.3 or one of its dependencies could not be resolved: Failed to read artifact descriptor for org.apache.maven.plugins:maven-compiler-plugin:jar:3.3
2015-11-28 14:27:38,747 [Worker-21] WARN  o.e.m.c.i.embedder.EclipseLogger - Failed to retrieve plugin descriptor for org.apache.maven.plugins:maven-war-plugin:2.6: Plugin org.apache.maven.plugins:maven-war-plugin:2.6 or one of its dependencies could not be resolved: Failed to read artifact descriptor for org.apache.maven.plugins:maven-war-plugin:jar:2.6
2015-11-28 14:27:48,760 [Worker-21] INFO  o.e.m.c.i.e.AbstractTransferListenerAdapter - Downloaded http://nexus:8081/nexus/content/groups/build.snapshots/com/sap/ldi/maven-metadata.xml
2015-11-28 14:27:48,763 [Worker-21] WARN  o.e.m.c.i.embedder.EclipseLogger - Could not transfer metadata com.sap.ldi/maven-metadata.xml from/to central (http://nexus:8081/nexus/content/groups/build.snapshots/): connect timed out
